Using pre-set license
Built from '2020.3/release' branch; Version is '2020.3.12f1 (b3b2c6512326) revision 11776710'; Using compiler version '192528614'; Build Type 'Release'
OS: 'Windows 10 Pro; OS build 19043.1110; Version 2009; 64bit' Language: 'ru' Physical Memory: 8060 MB
BatchMode: 1, IsHumanControllingUs: 0, StartBugReporterOnCrash: 0, Is64bit: 1, IsPro: 0

 COMMAND LINE ARGUMENTS:
G:\Unity Editors\2020.3.12f1\Editor\Unity.exe
-adb2
-batchMode
-noUpm
-name
AssetImportWorker0
-projectPath
G:/MyProjects/The Walking Game
-logFile
Logs/AssetImportWorker0.log
-srvPort
64591
Successfully changed project path to: G:/MyProjects/The Walking Game
G:/MyProjects/The Walking Game
Using Asset Import Pipeline V2.
Refreshing native plugins compatible for Editor in 57.76 ms, found 16 plugins.
Preloading 2 native plugins for Editor in 1.37 ms.
Initialize engine version: 2020.3.12f1 (b3b2c6512326)
[Subsystems] Discovering subsystems at path G:/Unity Editors/2020.3.12f1/Editor/Data/Resources/UnitySubsystems
[Subsystems] Discovering subsystems at path G:/MyProjects/The Walking Game/Assets
GfxDevice: creating device client; threaded=0
Direct3D:
    Version:  Direct3D 11.0 [level 11.1]
    Renderer: NVIDIA GeForce GTX 1650 (ID=0x1f99)
    Vendor:   
    VRAM:     3962 MB
    Driver:   27.21.14.6677
Initialize mono
Mono path[0] = 'G:/Unity Editors/2020.3.12f1/Editor/Data/Managed'
Mono path[1] = 'G:/Unity Editors/2020.3.12f1/Editor/Data/MonoBleedingEdge/lib/mono/unityjit'
Mono config path = 'G:/Unity Editors/2020.3.12f1/Editor/Data/MonoBleedingEdge/etc'
Using monoOptions --debugger-agent=transport=dt_socket,embedding=1,server=y,suspend=n,address=127.0.0.1:56108
Begin MonoManager ReloadAssembly
Registering precompiled unity dll's ...
Register platform support module: G:/Unity Editors/2020.3.12f1/Editor/Data/PlaybackEngines/WindowsStandaloneSupport/UnityEditor.WindowsStandalone.Extensions.dll
Registered in 0.000944 seconds.
Native extension for WindowsStandalone target not found
Refreshing native plugins compatible for Editor in 43.60 ms, found 16 plugins.
Preloading 2 native plugins for Editor in 0.09 ms.
Unable to find bridge dll in registry for Microsoft Visual Studio Tools for Unity for C:\Program Files (x86)\Microsoft Visual Studio\2019\Community\Common7\IDE\devenv.exe
Mono: successfully reloaded assembly
- Completed reload, in  1.121 seconds
Platform modules already initialized, skipping
Registering precompiled user dll's ...
Registered in 0.006082 seconds.
Begin MonoManager ReloadAssembly
Native extension for WindowsStandalone target not found
Refreshing native plugins compatible for Editor in 42.97 ms, found 16 plugins.
Preloading 2 native plugins for Editor in 0.10 ms.
[XR] OculusXRPlugin: registering subsystems
[XR] Unable to register display lifecyle provider: [1]
[XR] Oculus Input lifecycle provider registered.
[XR] Unable to register input lifecyle provider: [1]
NullReferenceException: Object reference not set to an instance of an object
  at Unity.XR.Oculus.OculusLoader.AssetPathToAbsolutePath (System.String assetPath) [0x00048] in G:\MyProjects\The Walking Game\Library\PackageCache\com.unity.xr.oculus@1.9.1\Runtime\OculusLoader.cs:249 
  at Unity.XR.Oculus.OculusLoader.EditorLoadOVRPlugin () [0x0007b] in G:\MyProjects\The Walking Game\Library\PackageCache\com.unity.xr.oculus@1.9.1\Runtime\OculusLoader.cs:234 

(Filename: Library/PackageCache/com.unity.xr.oculus@1.9.1/Runtime/OculusLoader.cs Line: 249)

Mono: successfully reloaded assembly
- Completed reload, in  1.063 seconds
Platform modules already initialized, skipping
========================================================================
Worker process is ready to serve import requests
Launched and connected shader compiler UnityShaderCompiler.exe after 0.03 seconds
Refreshing native plugins compatible for Editor in 0.70 ms, found 16 plugins.
Preloading 2 native plugins for Editor in 0.07 ms.
Unloading 2384 Unused Serialized files (Serialized files now loaded: 0)
System memory in use before: 101.1 MB.
System memory in use after: 101.1 MB.

Unloading 40 unused Assets to reduce memory usage. Loaded Objects now: 2860.
Total: 3.195500 ms (FindLiveObjects: 0.339800 ms CreateObjectMapping: 0.152300 ms MarkObjects: 2.618900 ms  DeleteObjects: 0.083000 ms)

AssetImportParameters requested are different than current active one (requested -> active):
  custom:framework-win-MediaFoundation: 216162199b28c13a410421893ffa2e32 -> 
  custom:video-decoder-ogg-theora: a1e56fd34408186e4bbccfd4996cb3dc -> 
  custom:container-muxer-webm: aa71ff27fc2769a1b78a27578f13a17b -> 
  custom:container-demuxer-webm: 4f35f7cbe854078d1ac9338744f61a02 -> 
  custom:container-demuxer-ogg: 62fdf1f143b41e24485cea50d1cbac27 -> 
  custom:video-encoder-webm-vp8: eb34c28f22e8b96e1ab97ce403110664 -> 
  custom:video-decoder-webm-vp8: 9c59270c3fd7afecdb556c50c9e8de78 -> 
  custom:audio-decoder-ogg-vorbis: bf7c407c2cedff20999df2af8eb42d56 -> 
  custom:audio-encoder-webm-vorbis: bf7c407c2cedff20999df2af8eb42d56 -> 
========================================================================
Received Import Request.
  path: Assets/XR/Settings/Oculus Settings.asset
  artifactKey: Guid(bfa1182bd221b4ca89619141f66f1260) Importer(815301076,1909f56bfc062723c751e8b465ee728b)
Start importing Assets/XR/Settings/Oculus Settings.asset using Guid(bfa1182bd221b4ca89619141f66f1260) Importer(815301076,1909f56bfc062723c751e8b465ee728b)  -> (artifact id: '9fc47dead4c546dff0afa55c7672d01e') in 0.028043 seconds 
  Import took 0.031921 seconds .

========================================================================
Received Import Request.
  Time since last request: 0.000222 seconds.
  path: Assets/XR/Settings/OpenXR Editor Settings.asset
  artifactKey: Guid(a215d7f016628fc47a003219a36f601a) Importer(815301076,1909f56bfc062723c751e8b465ee728b)
Start importing Assets/XR/Settings/OpenXR Editor Settings.asset using Guid(a215d7f016628fc47a003219a36f601a) Importer(815301076,1909f56bfc062723c751e8b465ee728b)  -> (artifact id: '95b59c7bb0f42b4db864cde6b4bf3d5d') in 0.006196 seconds 
  Import took 0.102509 seconds .

========================================================================
Received Import Request.
  Time since last request: 0.000157 seconds.
  path: Assets/XR/Settings/Open XR Package Settings.asset
  artifactKey: Guid(f3c37288289e645458efff09d0bdc024) Importer(815301076,1909f56bfc062723c751e8b465ee728b)
Start importing Assets/XR/Settings/Open XR Package Settings.asset using Guid(f3c37288289e645458efff09d0bdc024) Importer(815301076,1909f56bfc062723c751e8b465ee728b)  -> (artifact id: '0f4978d49393958b7da35e780a991048') in 0.013332 seconds 
  Import took 0.031499 seconds .

========================================================================
Received Import Request.
  Time since last request: 0.001091 seconds.
  path: Assets/XR/Loaders/Open XR Loader No Pre Init.asset
  artifactKey: Guid(0ceeb444a5be7aa46ad6629b6ac5c924) Importer(815301076,1909f56bfc062723c751e8b465ee728b)
Start importing Assets/XR/Loaders/Open XR Loader No Pre Init.asset using Guid(0ceeb444a5be7aa46ad6629b6ac5c924) Importer(815301076,1909f56bfc062723c751e8b465ee728b) [XR] Error loading subsystem: Display (1) (header mismatch?)
 -> (artifact id: '68a95e6d75daefe67d293c270c60933b') in 0.019440 seconds 
  Import took 0.077337 seconds .

========================================================================
Received Import Request.
  Time since last request: 0.000143 seconds.
  path: Assets/XR/XRGeneralSettings.asset
  artifactKey: Guid(1a4c68ca72a83449f938d669337cb305) Importer(815301076,1909f56bfc062723c751e8b465ee728b)
Start importing Assets/XR/XRGeneralSettings.asset using Guid(1a4c68ca72a83449f938d669337cb305) Importer(815301076,1909f56bfc062723c751e8b465ee728b)  -> (artifact id: '0f638216ae3e16218ec69cb2b7554d2e') in 0.011921 seconds 
  Import took 0.015021 seconds .

========================================================================
Received Import Request.
  Time since last request: 0.000198 seconds.
  path: Assets/XR/Loaders/Windows MR Loader.asset
  artifactKey: Guid(df5f618d6a3a64d0c89b2ac2bc89285e) Importer(815301076,1909f56bfc062723c751e8b465ee728b)
Start importing Assets/XR/Loaders/Windows MR Loader.asset using Guid(df5f618d6a3a64d0c89b2ac2bc89285e) Importer(815301076,1909f56bfc062723c751e8b465ee728b)  -> (artifact id: '30db8abffc8f3fe9df6a78796ad00c55') in 0.008571 seconds 
  Import took 0.025215 seconds .

========================================================================
Received Import Request.
  Time since last request: 0.000183 seconds.
  path: Assets/XR/Loaders/Oculus Loader.asset
  artifactKey: Guid(fc2dc5df12e05446ca41d080bfa81eec) Importer(815301076,1909f56bfc062723c751e8b465ee728b)
Start importing Assets/XR/Loaders/Oculus Loader.asset using Guid(fc2dc5df12e05446ca41d080bfa81eec) Importer(815301076,1909f56bfc062723c751e8b465ee728b)  -> (artifact id: '24b55a8e582e572d99e995059eacd9ae') in 0.007242 seconds 
  Import took 0.016892 seconds .

========================================================================
Received Import Request.
  Time since last request: 0.000179 seconds.
  path: Assets/XR/Settings/Windows MR Package Settings.asset
  artifactKey: Guid(dc5a169419fa04987b057f65238cf3ba) Importer(815301076,1909f56bfc062723c751e8b465ee728b)
Start importing Assets/XR/Settings/Windows MR Package Settings.asset using Guid(dc5a169419fa04987b057f65238cf3ba) Importer(815301076,1909f56bfc062723c751e8b465ee728b)  -> (artifact id: '90c8c4c3ed557e4dde65048e1f5d7302') in 0.009560 seconds 
  Import took 0.016781 seconds .

========================================================================
Received Import Request.
  Time since last request: 0.000223 seconds.
  path: Assets/XR/Loaders/Open XR Loader.asset
  artifactKey: Guid(3a64894f480ef0748a3e0161c881c2cf) Importer(815301076,1909f56bfc062723c751e8b465ee728b)
Start importing Assets/XR/Loaders/Open XR Loader.asset using Guid(3a64894f480ef0748a3e0161c881c2cf) Importer(815301076,1909f56bfc062723c751e8b465ee728b)  -> (artifact id: '6c34e3439468f40d04bcb3377de05645') in 0.006806 seconds 
  Import took 0.014503 seconds .

========================================================================
Received Prepare
Registering precompiled user dll's ...
Registered in 0.006232 seconds.
Begin MonoManager ReloadAssembly
Native extension for WindowsStandalone target not found
Refreshing native plugins compatible for Editor in 0.74 ms, found 16 plugins.
Preloading 2 native plugins for Editor in 0.08 ms.
NullReferenceException: Object reference not set to an instance of an object
  at Unity.XR.Oculus.OculusLoader.AssetPathToAbsolutePath (System.String assetPath) [0x00048] in G:\MyProjects\The Walking Game\Library\PackageCache\com.unity.xr.oculus@1.9.1\Runtime\OculusLoader.cs:249 
  at Unity.XR.Oculus.OculusLoader.EditorLoadOVRPlugin () [0x0007b] in G:\MyProjects\The Walking Game\Library\PackageCache\com.unity.xr.oculus@1.9.1\Runtime\OculusLoader.cs:234 

(Filename: Library/PackageCache/com.unity.xr.oculus@1.9.1/Runtime/OculusLoader.cs Line: 249)

Mono: successfully reloaded assembly
- Completed reload, in  1.020 seconds
Platform modules already initialized, skipping
Refreshing native plugins compatible for Editor in 0.75 ms, found 16 plugins.
Preloading 2 native plugins for Editor in 0.08 ms.
Unloading 2202 Unused Serialized files (Serialized files now loaded: 0)
System memory in use before: 97.0 MB.
System memory in use after: 97.2 MB.

Unloading 194 unused Assets to reduce memory usage. Loaded Objects now: 2759.
Total: 2.622400 ms (FindLiveObjects: 0.249300 ms CreateObjectMapping: 0.103900 ms MarkObjects: 2.098600 ms  DeleteObjects: 0.169700 ms)

AssetImportParameters requested are different than current active one (requested -> active):
  custom:framework-win-MediaFoundation: 216162199b28c13a410421893ffa2e32 -> 
  custom:video-decoder-ogg-theora: a1e56fd34408186e4bbccfd4996cb3dc -> 
  custom:container-muxer-webm: aa71ff27fc2769a1b78a27578f13a17b -> 
  custom:container-demuxer-webm: 4f35f7cbe854078d1ac9338744f61a02 -> 
  custom:container-demuxer-ogg: 62fdf1f143b41e24485cea50d1cbac27 -> 
  custom:video-encoder-webm-vp8: eb34c28f22e8b96e1ab97ce403110664 -> 
  custom:video-decoder-webm-vp8: 9c59270c3fd7afecdb556c50c9e8de78 -> 
  custom:audio-decoder-ogg-vorbis: bf7c407c2cedff20999df2af8eb42d56 -> 
  custom:audio-encoder-webm-vorbis: bf7c407c2cedff20999df2af8eb42d56 -> 
========================================================================
Received Prepare
Registering precompiled user dll's ...
Registered in 0.005683 seconds.
Begin MonoManager ReloadAssembly
Native extension for WindowsStandalone target not found
Refreshing native plugins compatible for Editor in 0.80 ms, found 16 plugins.
Preloading 2 native plugins for Editor in 0.08 ms.
NullReferenceException: Object reference not set to an instance of an object
  at Unity.XR.Oculus.OculusLoader.AssetPathToAbsolutePath (System.String assetPath) [0x00048] in G:\MyProjects\The Walking Game\Library\PackageCache\com.unity.xr.oculus@1.9.1\Runtime\OculusLoader.cs:249 
  at Unity.XR.Oculus.OculusLoader.EditorLoadOVRPlugin () [0x0007b] in G:\MyProjects\The Walking Game\Library\PackageCache\com.unity.xr.oculus@1.9.1\Runtime\OculusLoader.cs:234 

(Filename: Library/PackageCache/com.unity.xr.oculus@1.9.1/Runtime/OculusLoader.cs Line: 249)

Mono: successfully reloaded assembly
- Completed reload, in  1.014 seconds
Platform modules already initialized, skipping
Refreshing native plugins compatible for Editor in 0.82 ms, found 16 plugins.
Preloading 2 native plugins for Editor in 0.08 ms.
Unloading 2341 Unused Serialized files (Serialized files now loaded: 0)
System memory in use before: 99.9 MB.
System memory in use after: 100.1 MB.

Unloading 33 unused Assets to reduce memory usage. Loaded Objects now: 2868.
Total: 3.082100 ms (FindLiveObjects: 0.240300 ms CreateObjectMapping: 0.096800 ms MarkObjects: 2.691200 ms  DeleteObjects: 0.052800 ms)

AssetImportParameters requested are different than current active one (requested -> active):
  custom:framework-win-MediaFoundation: 216162199b28c13a410421893ffa2e32 -> 
  custom:video-decoder-ogg-theora: a1e56fd34408186e4bbccfd4996cb3dc -> 
  custom:container-muxer-webm: aa71ff27fc2769a1b78a27578f13a17b -> 
  custom:container-demuxer-webm: 4f35f7cbe854078d1ac9338744f61a02 -> 
  custom:container-demuxer-ogg: 62fdf1f143b41e24485cea50d1cbac27 -> 
  custom:video-encoder-webm-vp8: eb34c28f22e8b96e1ab97ce403110664 -> 
  custom:video-decoder-webm-vp8: 9c59270c3fd7afecdb556c50c9e8de78 -> 
  custom:audio-decoder-ogg-vorbis: bf7c407c2cedff20999df2af8eb42d56 -> 
  custom:audio-encoder-webm-vorbis: bf7c407c2cedff20999df2af8eb42d56 -> 
========================================================================
Received Import Request.
  Time since last request: 1224.164790 seconds.
  path: Packages/com.unity.xr.interaction.toolkit/package.json
  artifactKey: Guid(fac9fb4ad804244e0911f21e340a3d5b) Importer(815301076,1909f56bfc062723c751e8b465ee728b)
Start importing Packages/com.unity.xr.interaction.toolkit/package.json using Guid(fac9fb4ad804244e0911f21e340a3d5b) Importer(815301076,1909f56bfc062723c751e8b465ee728b)  -> (artifact id: '080843ccc57e164f303f39918db98ded') in 0.024904 seconds 
  Import took 0.093404 seconds .

========================================================================
Received Import Request.
  Time since last request: 95.219077 seconds.
  path: Packages/com.unity.xr.interaction.toolkit/Tests
  artifactKey: Guid(ef4675490668744efaf823c6ce763149) Importer(815301076,1909f56bfc062723c751e8b465ee728b)
Start importing Packages/com.unity.xr.interaction.toolkit/Tests using Guid(ef4675490668744efaf823c6ce763149) Importer(815301076,1909f56bfc062723c751e8b465ee728b)  -> (artifact id: '3691ad26bcd2f36da9f8f259c50a4c49') in 0.005979 seconds 
  Import took 0.080246 seconds .

========================================================================
Received Import Request.
  Time since last request: 0.532196 seconds.
  path: Packages/com.unity.subsystemregistration/package.json
  artifactKey: Guid(39ae12a67d2824dda9cb95e774ab4ab1) Importer(815301076,1909f56bfc062723c751e8b465ee728b)
Start importing Packages/com.unity.subsystemregistration/package.json using Guid(39ae12a67d2824dda9cb95e774ab4ab1) Importer(815301076,1909f56bfc062723c751e8b465ee728b)  -> (artifact id: '3ad96d446b24a4f15dceea125ca36a3f') in 0.086351 seconds 
  Import took 0.147906 seconds .

========================================================================
Received Import Request.
  Time since last request: 10.897494 seconds.
  path: Packages/com.unity.subsystemregistration/Tests
  artifactKey: Guid(ca3ddcf8aa28f704fb7d5bfa5a026cf4) Importer(815301076,1909f56bfc062723c751e8b465ee728b)
Start importing Packages/com.unity.subsystemregistration/Tests using Guid(ca3ddcf8aa28f704fb7d5bfa5a026cf4) Importer(815301076,1909f56bfc062723c751e8b465ee728b)  -> (artifact id: 'd21000ccf2aa7e751fefe1f8291c65eb') in 0.001666 seconds 
  Import took 0.062485 seconds .

========================================================================
Received Import Request.
  Time since last request: 4.008896 seconds.
  path: Packages/com.unity.xr.interactionsubsystems
  artifactKey: Guid(18a9cc5788521ed1151efa3b8e668af3) Importer(815301076,1909f56bfc062723c751e8b465ee728b)
Start importing Packages/com.unity.xr.interactionsubsystems using Guid(18a9cc5788521ed1151efa3b8e668af3) Importer(815301076,1909f56bfc062723c751e8b465ee728b)  -> (artifact id: '8bbe09aad421526937b0d5f6ed74c5c9') in 0.006977 seconds 
  Import took 0.252430 seconds .

========================================================================
Received Import Request.
  Time since last request: 6.068599 seconds.
  path: Packages/com.unity.xr.interaction.toolkit/Runtime
  artifactKey: Guid(be48be1b1a8d842c5b1a7f0dc9a13977) Importer(815301076,1909f56bfc062723c751e8b465ee728b)
Start importing Packages/com.unity.xr.interaction.toolkit/Runtime using Guid(be48be1b1a8d842c5b1a7f0dc9a13977) Importer(815301076,1909f56bfc062723c751e8b465ee728b)  -> (artifact id: '460695dcad171207d77819512a60eb5c') in 0.006489 seconds 
  Import took 0.029166 seconds .

========================================================================
Received Import Request.
  Time since last request: 0.114689 seconds.
  path: Packages/com.unity.xr.interaction.toolkit/Runtime/Unity.XR.Interaction.Toolkit.asmdef
  artifactKey: Guid(fe685ec1767f73d42b749ea8045bfe43) Importer(815301076,1909f56bfc062723c751e8b465ee728b)
Start importing Packages/com.unity.xr.interaction.toolkit/Runtime/Unity.XR.Interaction.Toolkit.asmdef using Guid(fe685ec1767f73d42b749ea8045bfe43) Importer(815301076,1909f56bfc062723c751e8b465ee728b)  -> (artifact id: '6c95af6ebd6053418cb065f5d3559387') in 0.005586 seconds 
  Import took 0.008977 seconds .

========================================================================
Received Import Request.
  Time since last request: 2.965595 seconds.
  path: Packages/com.unity.xr.interaction.toolkit/Runtime/Inputs
  artifactKey: Guid(fc09f4f4053d85e4bb2c7e0d67200f0d) Importer(815301076,1909f56bfc062723c751e8b465ee728b)
Start importing Packages/com.unity.xr.interaction.toolkit/Runtime/Inputs using Guid(fc09f4f4053d85e4bb2c7e0d67200f0d) Importer(815301076,1909f56bfc062723c751e8b465ee728b)  -> (artifact id: '8a699e8d3aaa444059783d7a36ac17dd') in 0.006926 seconds 
  Import took 0.144460 seconds .

========================================================================
Received Import Request.
  Time since last request: 15.542708 seconds.
  path: Packages/com.unity.xr.interaction.toolkit/CHANGELOG.md
  artifactKey: Guid(d7c06d5b8757542e4bc0c3fb9142961d) Importer(815301076,1909f56bfc062723c751e8b465ee728b)
Start importing Packages/com.unity.xr.interaction.toolkit/CHANGELOG.md using Guid(d7c06d5b8757542e4bc0c3fb9142961d) Importer(815301076,1909f56bfc062723c751e8b465ee728b)  -> (artifact id: '5e9c36cc86cfabdb7b7fdfecd5dc22fb') in 0.007882 seconds 
  Import took 0.048289 seconds .

========================================================================
Received Import Request.
  Time since last request: 671.842730 seconds.
  path: Assets/Samples/XR Interaction Toolkit/1.0.0-pre.4
  artifactKey: Guid(64a9fad809f25cc489cdf5684d6419f7) Importer(815301076,1909f56bfc062723c751e8b465ee728b)
Start importing Assets/Samples/XR Interaction Toolkit/1.0.0-pre.4 using Guid(64a9fad809f25cc489cdf5684d6419f7) Importer(815301076,1909f56bfc062723c751e8b465ee728b)  -> (artifact id: 'e758b2cd3c011aa51b1015ac7171dc5f') in 0.006172 seconds 
  Import took 0.601352 seconds .

========================================================================
Received Import Request.
  Time since last request: 0.009074 seconds.
  path: Assets/Samples/XR Interaction Toolkit/1.0.0-pre.4/Default Input Actions
  artifactKey: Guid(0f3c4869dbc71fe4e954a3c21af9e4d5) Importer(815301076,1909f56bfc062723c751e8b465ee728b)
Start importing Assets/Samples/XR Interaction Toolkit/1.0.0-pre.4/Default Input Actions using Guid(0f3c4869dbc71fe4e954a3c21af9e4d5) Importer(815301076,1909f56bfc062723c751e8b465ee728b)  -> (artifact id: '312ca834f27990be87d600e40fa3b7b7') in 0.006225 seconds 
  Import took 0.139664 seconds .

========================================================================
Received Import Request.
  Time since last request: 0.000148 seconds.
  path: Assets/Samples/XR Interaction Toolkit/1.0.0-pre.4/Default Input Actions/XRI Default Continuous Move.preset
  artifactKey: Guid(91f9da00cfdac5d49955df2d2d820b9c) Importer(815301076,1909f56bfc062723c751e8b465ee728b)
Start importing Assets/Samples/XR Interaction Toolkit/1.0.0-pre.4/Default Input Actions/XRI Default Continuous Move.preset using Guid(91f9da00cfdac5d49955df2d2d820b9c) Importer(815301076,1909f56bfc062723c751e8b465ee728b)  -> (artifact id: '7fbcd3ff63fcd09b3be425163d5c9845') in 0.013321 seconds 
  Import took 0.058022 seconds .

========================================================================
Received Import Request.
  Time since last request: 0.000149 seconds.
  path: Assets/Samples/XR Interaction Toolkit/1.0.0-pre.4/Default Input Actions/XRI Default Left Controller.preset
  artifactKey: Guid(ffd8268f7307a0c48a067dad4a8fe060) Importer(815301076,1909f56bfc062723c751e8b465ee728b)
Start importing Assets/Samples/XR Interaction Toolkit/1.0.0-pre.4/Default Input Actions/XRI Default Left Controller.preset using Guid(ffd8268f7307a0c48a067dad4a8fe060) Importer(815301076,1909f56bfc062723c751e8b465ee728b)  -> (artifact id: '8bd5147fac95f957b370d29f0afe3119') in 0.016395 seconds 
  Import took 0.022526 seconds .

========================================================================
Received Import Request.
  Time since last request: 0.000148 seconds.
  path: Assets/Samples/XR Interaction Toolkit/1.0.0-pre.4/Default Input Actions/XRI Default Snap Turn.preset
  artifactKey: Guid(18697d253d848974aa7052cba872c9f0) Importer(815301076,1909f56bfc062723c751e8b465ee728b)
Start importing Assets/Samples/XR Interaction Toolkit/1.0.0-pre.4/Default Input Actions/XRI Default Snap Turn.preset using Guid(18697d253d848974aa7052cba872c9f0) Importer(815301076,1909f56bfc062723c751e8b465ee728b)  -> (artifact id: '698c7e2c2901237432c76581133fb1f1') in 0.012540 seconds 
  Import took 0.074656 seconds .

========================================================================
Received Import Request.
  Time since last request: 0.000167 seconds.
  path: Assets/Samples/XR Interaction Toolkit/1.0.0-pre.4/Default Input Actions/XRI Default Input Actions.inputactions
  artifactKey: Guid(c348712bda248c246b8c49b3db54643f) Importer(815301076,1909f56bfc062723c751e8b465ee728b)
Start importing Assets/Samples/XR Interaction Toolkit/1.0.0-pre.4/Default Input Actions/XRI Default Input Actions.inputactions using Guid(c348712bda248c246b8c49b3db54643f) Importer(815301076,1909f56bfc062723c751e8b465ee728b)  -> (artifact id: '89b511b2e0146a33c1387a4b0a47b81e') in 0.014051 seconds 
  Import took 0.017334 seconds .

========================================================================
Received Import Request.
  Time since last request: 0.000178 seconds.
  path: Assets/Samples/XR Interaction Toolkit/1.0.0-pre.4/Default Input Actions/XRI Default Continuous Turn.preset
  artifactKey: Guid(0caad3af14f9a414dbdf25ed41e5aa47) Importer(815301076,1909f56bfc062723c751e8b465ee728b)
Start importing Assets/Samples/XR Interaction Toolkit/1.0.0-pre.4/Default Input Actions/XRI Default Continuous Turn.preset using Guid(0caad3af14f9a414dbdf25ed41e5aa47) Importer(815301076,1909f56bfc062723c751e8b465ee728b)  -> (artifact id: '01e039f96452fb154a4fabce180b317f') in 0.012106 seconds 
  Import took 0.064209 seconds .

========================================================================
Received Import Request.
  Time since last request: 0.000190 seconds.
  path: Assets/Samples/XR Interaction Toolkit/1.0.0-pre.4/Default Input Actions/XRI Default Right Controller.preset
  artifactKey: Guid(1421ad86ff3787b4dae70fe9e699a25f) Importer(815301076,1909f56bfc062723c751e8b465ee728b)
Start importing Assets/Samples/XR Interaction Toolkit/1.0.0-pre.4/Default Input Actions/XRI Default Right Controller.preset using Guid(1421ad86ff3787b4dae70fe9e699a25f) Importer(815301076,1909f56bfc062723c751e8b465ee728b)  -> (artifact id: '18c535d499cc3f394b161a582cab7b97') in 0.007636 seconds 
  Import took 0.090301 seconds .

AssetImportWorkerClient::OnTransportError - code=2 error=End of file
